<?xml version="1.0" encoding="UTF-8"?>
<testng-results skipped="0" failed="0" total="1" passed="1">
  <reporter-output>
  </reporter-output>
  <suite name="Screenshots" duration-ms="108110" started-at="2017-09-08T20:28:49Z" finished-at="2017-09-08T20:30:37Z">
    <groups>
    </groups>
    <test name="PG Screenshots Test" duration-ms="108110" started-at="2017-09-08T20:28:49Z" finished-at="2017-09-08T20:30:37Z">
      <class name="chrome.browser.WindowsChrome">
        <test-method status="PASS" signature="setUp()[pri:0, instance:chrome.browser.WindowsChrome@1810399e]" name="setUp" is-config="true" duration-ms="6169" started-at="2017-09-08T16:28:49Z" finished-at="2017-09-08T16:28:55Z">
          <reporter-output>
          </reporter-output>
        </test-method> <!-- setUp -->
        <test-method status="PASS" signature="testSimple()[pri:0, instance:chrome.browser.WindowsChrome@1810399e]" name="testSimple" duration-ms="97204" started-at="2017-09-08T16:28:55Z" finished-at="2017-09-08T16:30:32Z">
          <reporter-output>
          </reporter-output>
        </test-method> <!-- testSimple -->
        <test-method status="PASS" signature="tearDown()[pri:0, instance:chrome.browser.WindowsChrome@1810399e]" name="tearDown" is-config="true" duration-ms="4726" started-at="2017-09-08T16:30:32Z" finished-at="2017-09-08T16:30:37Z">
          <reporter-output>
          </reporter-output>
        </test-method> <!-- tearDown -->
      </class> <!-- chrome.browser.WindowsChrome -->
    </test> <!-- PG Screenshots Test -->
  </suite> <!-- Screenshots -->
</testng-results>
