<?xml version="1.0" encoding="UTF-8"?>
<testng-results skipped="0" failed="0" total="1" passed="1">
  <reporter-output>
  </reporter-output>
  <suite name="Test One" duration-ms="63382" started-at="2017-09-06T14:23:30Z" finished-at="2017-09-06T14:24:33Z">
    <groups>
    </groups>
    <test name="Regression Test" duration-ms="63382" started-at="2017-09-06T14:23:30Z" finished-at="2017-09-06T14:24:33Z">
      <class name="chrome.browser.WindowsChrome">
        <test-method status="PASS" signature="setUp()[pri:0, instance:chrome.browser.WindowsChrome@573f2bb1]" name="setUp" is-config="true" duration-ms="3061" started-at="2017-09-06T10:23:30Z" finished-at="2017-09-06T10:23:33Z">
          <reporter-output>
          </reporter-output>
        </test-method> <!-- setUp -->
        <test-method status="PASS" signature="testSimple()[pri:0, instance:chrome.browser.WindowsChrome@573f2bb1]" name="testSimple" duration-ms="56762" started-at="2017-09-06T10:23:33Z" finished-at="2017-09-06T10:24:30Z">
          <reporter-output>
          </reporter-output>
        </test-method> <!-- testSimple -->
        <test-method status="PASS" signature="tearDown()[pri:0, instance:chrome.browser.WindowsChrome@573f2bb1]" name="tearDown" is-config="true" duration-ms="3547" started-at="2017-09-06T10:24:30Z" finished-at="2017-09-06T10:24:33Z">
          <reporter-output>
          </reporter-output>
        </test-method> <!-- tearDown -->
      </class> <!-- chrome.browser.WindowsChrome -->
    </test> <!-- Regression Test -->
  </suite> <!-- Test One -->
</testng-results>
