<?xml version="1.0" encoding="UTF-8"?>
<testng-results skipped="0" failed="0" total="1" passed="1">
  <reporter-output>
  </reporter-output>
  <suite name="Default suite" duration-ms="10202" started-at="2017-09-06T14:15:28Z" finished-at="2017-09-06T14:15:39Z">
    <groups>
    </groups>
    <test name="Default test" duration-ms="10202" started-at="2017-09-06T14:15:28Z" finished-at="2017-09-06T14:15:39Z">
      <class name="chrome.browser.WindowsChrome">
        <test-method status="PASS" signature="setUp()[pri:0, instance:chrome.browser.WindowsChrome@b684286]" name="setUp" is-config="true" duration-ms="3115" started-at="2017-09-06T10:15:28Z" finished-at="2017-09-06T10:15:32Z">
          <reporter-output>
          </reporter-output>
        </test-method> <!-- setUp -->
        <test-method status="PASS" signature="testSimple()[pri:0, instance:chrome.browser.WindowsChrome@b684286]" name="testSimple" duration-ms="3412" started-at="2017-09-06T10:15:32Z" finished-at="2017-09-06T10:15:35Z">
          <reporter-output>
          </reporter-output>
        </test-method> <!-- testSimple -->
        <test-method status="PASS" signature="tearDown()[pri:0, instance:chrome.browser.WindowsChrome@b684286]" name="tearDown" is-config="true" duration-ms="3624" started-at="2017-09-06T10:15:35Z" finished-at="2017-09-06T10:15:39Z">
          <reporter-output>
          </reporter-output>
        </test-method> <!-- tearDown -->
      </class> <!-- chrome.browser.WindowsChrome -->
    </test> <!-- Default test -->
  </suite> <!-- Default suite -->
</testng-results>
